2025-09-16 08:12:11 [DEBUG] (auth-service) - Unexpected error occurred
2025-09-16 07:27:32 [DEBUG] (frontend) - Inventory updated
2025-09-16 07:55:02 [ERROR] (inventory-service) - Payment processed successfully
2025-09-16 07:54:05 [INFO] (payment-service) - Session expired
2025-09-16 08:22:07 [WARN] (inventory-service) - Order created successfully
2025-09-16 08:15:23 [DEBUG] (inventory-service) - Payment processed successfully
2025-09-16 07:14:37 [INFO] (inventory-service) - Order created successfully
2025-09-16 08:08:59 [DEBUG] (frontend) - Order created successfully
2025-09-16 07:08:23 [WARN] (inventory-service) - Cache miss
2025-09-16 08:21:05 [DEBUG] (inventory-service) - Cache miss
2025-09-16 07:07:54 [DEBUG] (auth-service) - Database connection error
2025-09-16 07:37:20 [WARN] (frontend) - Cache miss
2025-09-16 07:42:06 [ERROR] (frontend) - Payment processed successfully
2025-09-16 07:28:42 [ERROR] (payment-service) - User login failed
2025-09-16 07:36:20 [DEBUG] (frontend) - User login failed
2025-09-16 07:32:57 [DEBUG] (auth-service) - Payment declined due to insufficient funds
2025-09-16 08:11:07 [INFO] (payment-service) - Order created successfully
2025-09-16 07:34:41 [INFO] (inventory-service) - Inventory updated
2025-09-16 08:11:47 [INFO] (auth-service) - Cache miss
2025-09-16 07:49:13 [INFO] (inventory-service) - Unexpected error occurred
2025-09-16 07:42:12 [INFO] (inventory-service) - Unexpected error occurred
2025-09-16 08:10:10 [DEBUG] (auth-service) - Cache miss
2025-09-16 08:16:15 [ERROR] (database) - Inventory updated
2025-09-16 07:10:48 [DEBUG] (payment-service) - User login successful
2025-09-16 08:10:24 [DEBUG] (payment-service) - Inventory updated
2025-09-16 07:24:49 [DEBUG] (payment-service) - User login successful
2025-09-16 07:13:41 [DEBUG] (database) - Session expired
2025-09-16 08:22:36 [INFO] (frontend) - Payment declined due to insufficient funds
2025-09-16 07:35:56 [DEBUG] (inventory-service) - Payment declined due to insufficient funds
2025-09-16 07:10:10 [ERROR] (inventory-service) - Cache miss
2025-09-16 08:18:13 [INFO] (auth-service) - Inventory updated
2025-09-16 08:11:29 [WARN] (payment-service) - Payment declined due to insufficient funds
2025-09-16 07:26:14 [WARN] (inventory-service) - User login failed
2025-09-16 07:53:16 [ERROR] (inventory-service) - Database connection error
2025-09-16 07:22:43 [INFO] (database) - Database connection error
2025-09-16 07:05:42 [WARN] (auth-service) - Payment declined due to insufficient funds
2025-09-16 07:53:57 [INFO] (payment-service) - Order created successfully
2025-09-16 07:36:37 [DEBUG] (payment-service) - Payment processed successfully
2025-09-16 07:11:29 [WARN] (inventory-service) - Cache miss
2025-09-16 07:45:50 [INFO] (inventory-service) - Database connection error
2025-09-16 08:21:06 [ERROR] (inventory-service) - User login failed
2025-09-16 08:16:25 [INFO] (auth-service) - Inventory updated
2025-09-16 08:24:49 [INFO] (database) - Cache miss
2025-09-16 07:42:44 [DEBUG] (payment-service) - Payment processed successfully
2025-09-16 07:37:06 [INFO] (inventory-service) - Inventory updated
2025-09-16 07:21:04 [INFO] (inventory-service) - Order created successfully
2025-09-16 08:18:41 [DEBUG] (payment-service) - User login failed
2025-09-16 07:16:09 [INFO] (payment-service) - Order created successfully
2025-09-16 08:17:33 [ERROR] (auth-service) - Database connection error
2025-09-16 07:49:04 [INFO] (payment-service) - Order created successfully
2025-09-16 07:08:37 [WARN] (auth-service) - Order created successfully
2025-09-16 07:23:18 [WARN] (payment-service) - Payment processed successfully
2025-09-16 07:44:31 [ERROR] (frontend) - Inventory updated
2025-09-16 07:18:24 [WARN] (database) - Database connection error
2025-09-16 07:38:43 [WARN] (database) - Cache miss
2025-09-16 07:43:43 [ERROR] (database) - Session expired
2025-09-16 08:07:10 [DEBUG] (database) - Payment processed successfully
2025-09-16 08:19:55 [ERROR] (database) - Payment declined due to insufficient funds
2025-09-16 07:38:09 [INFO] (frontend) - Order created successfully
2025-09-16 07:42:02 [INFO] (auth-service) - Order created successfully
2025-09-16 07:22:06 [DEBUG] (payment-service) - Inventory updated
2025-09-16 07:11:43 [ERROR] (database) - Database connection error
2025-09-16 07:47:05 [ERROR] (inventory-service) - Unexpected error occurred
2025-09-16 07:24:56 [INFO] (database) - Order created successfully
2025-09-16 08:10:26 [INFO] (inventory-service) - Unexpected error occurred
2025-09-16 08:00:57 [INFO] (inventory-service) - Cache miss
2025-09-16 07:13:38 [WARN] (inventory-service) - Database connection error
2025-09-16 08:01:14 [INFO] (inventory-service) - User login successful
2025-09-16 07:46:37 [ERROR] (database) - Payment processed successfully
2025-09-16 07:53:28 [ERROR] (frontend) - Inventory updated
2025-09-16 07:54:29 [INFO] (frontend) - Payment processed successfully
2025-09-16 07:37:12 [DEBUG] (auth-service) - Inventory updated
2025-09-16 08:03:59 [INFO] (inventory-service) - Session expired
2025-09-16 07:40:54 [WARN] (inventory-service) - User login successful
2025-09-16 07:04:53 [DEBUG] (database) - User login successful
2025-09-16 07:25:00 [DEBUG] (payment-service) - Payment processed successfully
2025-09-16 08:05:23 [WARN] (payment-service) - Payment declined due to insufficient funds
2025-09-16 08:24:23 [INFO] (database) - Payment processed successfully
2025-09-16 08:21:12 [ERROR] (frontend) - Order created successfully
2025-09-16 07:43:46 [DEBUG] (database) - Inventory updated
2025-09-16 07:46:15 [WARN] (auth-service) - Payment processed successfully
2025-09-16 08:06:06 [ERROR] (inventory-service) - Session expired
2025-09-16 07:17:17 [WARN] (database) - User login failed
2025-09-16 08:13:21 [DEBUG] (frontend) - Unexpected error occurred
2025-09-16 08:15:30 [DEBUG] (inventory-service) - Unexpected error occurred
2025-09-16 07:54:05 [INFO] (frontend) - Database connection error
2025-09-16 07:04:52 [ERROR] (frontend) - User login successful
2025-09-16 08:08:24 [ERROR] (frontend) - Payment declined due to insufficient funds
2025-09-16 07:30:03 [DEBUG] (inventory-service) - Payment processed successfully
2025-09-16 07:42:50 [DEBUG] (inventory-service) - User login successful
2025-09-16 08:09:52 [ERROR] (payment-service) - Unexpected error occurred
2025-09-16 08:18:15 [DEBUG] (database) - Unexpected error occurred
2025-09-16 07:19:40 [INFO] (inventory-service) - User login successful
2025-09-16 07:04:39 [WARN] (inventory-service) - Order created successfully
2025-09-16 08:08:32 [WARN] (payment-service) - Cache miss
2025-09-16 07:27:01 [DEBUG] (inventory-service) - Database connection error
2025-09-16 07:18:41 [ERROR] (frontend) - Cache miss
2025-09-16 07:59:51 [INFO] (database) - Inventory updated
2025-09-16 07:36:06 [ERROR] (payment-service) - User login successful
2025-09-16 08:12:35 [WARN] (database) - Cache miss